<?xml version="1.0" encoding="UTF-8" ?>
<testsuite tests="4" failures="4" name="pruebas.TestCrudProducto" time="1.422" errors="0" skipped="0">
  <properties>
[...]
</properties>
  <testcase classname="pruebas.TestCrudProducto" name="pruebas.TestCrudProducto.testCreate" time="1.421">
    <failure type="java.lang.NullPointerException">java.lang.NullPointerException
	at pruebas.TestCrudProducto.testCreate(TestCrudProducto.java:46)
</failure>
    <system-out>Hibernate Configuration loaded
Hibernate serviceRegistry created
Probando creación de objetos...
</system-out>
    <system-err>ene. 25, 2021 6:48:33 P. M. org.hibernate.Version logVersion
INFO: HHH000412: Hibernate Core {5.4.4.Final}
ene. 25, 2021 6:48:33 P. M. org.hibernate.annotations.common.reflection.java.JavaReflectionManager &lt;clinit&gt;
INFO: HCANN000001: Hibernate Commons Annotations {5.1.0.Final}
ene. 25, 2021 6:48:33 P. M. org.hibernate.engine.jdbc.connections.internal.DriverManagerConnectionProviderImpl configure
WARN: HHH10001002: Using Hibernate built-in connection pool (not for production use!)
ene. 25, 2021 6:48:33 P. M. org.hibernate.engine.jdbc.connections.internal.DriverManagerConnectionProviderImpl buildCreator
INFO: HHH10001005: using driver [org.mariadb.jdbc.Driver] at URL [jdbc:mariadb://localhost:3336/productos?createDatabaseIfNotExists=true]
ene. 25, 2021 6:48:33 P. M. org.hibernate.engine.jdbc.connections.internal.DriverManagerConnectionProviderImpl buildCreator
INFO: HHH10001001: Connection properties: {password=****, user=root}
ene. 25, 2021 6:48:33 P. M. org.hibernate.engine.jdbc.connections.internal.DriverManagerConnectionProviderImpl buildCreator
INFO: HHH10001003: Autocommit mode: false
ene. 25, 2021 6:48:33 P. M. org.hibernate.engine.jdbc.connections.internal.DriverManagerConnectionProviderImpl$PooledConnections &lt;init&gt;
INFO: HHH000115: Hibernate connection pool size: 100 (min=1)
ene. 25, 2021 6:48:33 P. M. org.hibernate.dialect.Dialect &lt;init&gt;
INFO: HHH000400: Using dialect: org.hibernate.dialect.MariaDBDialect
ene. 25, 2021 6:48:34 P. M. org.hibernate.resource.transaction.backend.jdbc.internal.DdlTransactionIsolatorNonJtaImpl getIsolatedConnection
INFO: HHH10001501: Connection obtained from JdbcConnectionAccess [org.hibernate.engine.jdbc.env.internal.JdbcEnvironmentInitiator$ConnectionProviderJdbcConnectionAccess@8a2a6a] for (non-JTA) DDL execution was not in auto-commit mode; the Connection &apos;local transaction&apos; will be committed and the Connection will be set into auto-commit mode.
</system-err>
  </testcase>
  <testcase classname="pruebas.TestCrudProducto" name="pruebas.TestCrudProducto.testUpdate" time="0.001">
    <failure type="java.lang.NullPointerException">java.lang.NullPointerException
	at pruebas.TestCrudProducto.testUpdate(TestCrudProducto.java:63)
</failure>
    <system-out>Session Factory Destroyed
Probando la actualización del producto...
</system-out>
    <system-err>ene. 25, 2021 6:48:34 P. M. org.hibernate.engine.jdbc.connections.internal.DriverManagerConnectionProviderImpl$PoolState stop
INFO: HHH10001008: Cleaning up connection pool [jdbc:mariadb://localhost:3336/productos?createDatabaseIfNotExists=true]
</system-err>
  </testcase>
  <testcase classname="pruebas.TestCrudProducto" name="pruebas.TestCrudProducto.testList" time="0">
    <failure type="java.lang.NullPointerException">java.lang.NullPointerException
	at pruebas.TestCrudProducto.testList(TestCrudProducto.java:76)
</failure>
    <system-out>Session Factory Destroyed
Running testList...
</system-out>
  </testcase>
  <testcase classname="pruebas.TestCrudProducto" name="pruebas.TestCrudProducto.testDelete" time="0">
    <failure type="java.lang.NullPointerException">java.lang.NullPointerException
	at pruebas.TestCrudProducto.testDelete(TestCrudProducto.java:87)
</failure>
    <system-out>Session Factory Destroyed
Probando el borrado de productos...
</system-out>
  </testcase>
</testsuite>